<?xml version="1.0" encoding="UTF-8"?>
<testsuite name="com.github.onozaty.junit.xml2csv.TestCase2" tests="2" skipped="0" failures="1" errors="0" timestamp="2020-08-28T04:39:50" hostname="DESKTOP-U275NQ4" time="0.003">
  <properties/>
  <testcase name="test1" classname="com.github.onozaty.junit.xml2csv.TestCase2" time="0.001"/>
  <testcase name="test2" classname="com.github.onozaty.junit.xml2csv.TestCase2" time="0.002"/>
  <system-out><![CDATA[]]></system-out>
  <system-err><![CDATA[]]></system-err>
</testsuite>
